[27-Jun-2020 15:22:47 UTC] PHP Warning:  An unexpected error occurred. Something may be wrong with WordPress.org or this server&#8217;s configuration. If you continue to have problems, please try the <a href="https://wordpress.org/support/forums/">support forums</a>. (WordPress could not establish a secure connection to WordPress.org. Please contact your server administrator.) in /home/abdulhadi/Local Sites/eduslack/app/public/wp-includes/update.php on line 162
[27-Jun-2020 15:22:47 UTC] PHP Stack trace:
[27-Jun-2020 15:22:47 UTC] PHP   1. {main}() /home/abdulhadi/Local Sites/eduslack/app/public/wp-cron.php:0
[27-Jun-2020 15:22:47 UTC] PHP   2. do_action_ref_array() /home/abdulhadi/Local Sites/eduslack/app/public/wp-cron.php:138
[27-Jun-2020 15:22:47 UTC] PHP   3. WP_Hook->do_action() /home/abdulhadi/Local Sites/eduslack/app/public/wp-includes/plugin.php:544
[27-Jun-2020 15:22:47 UTC] PHP   4. WP_Hook->apply_filters() /home/abdulhadi/Local Sites/eduslack/app/public/wp-includes/class-wp-hook.php:311
[27-Jun-2020 15:22:47 UTC] PHP   5. wp_version_check() /home/abdulhadi/Local Sites/eduslack/app/public/wp-includes/class-wp-hook.php:287
[27-Jun-2020 15:22:47 UTC] PHP   6. trigger_error() /home/abdulhadi/Local Sites/eduslack/app/public/wp-includes/update.php:162
[27-Jun-2020 15:23:08 UTC] PHP Warning:  An unexpected error occurred. Something may be wrong with WordPress.org or this server&#8217;s configuration. If you continue to have problems, please try the <a href="https://wordpress.org/support/forums/">support forums</a>. (WordPress could not establish a secure connection to WordPress.org. Please contact your server administrator.) in /home/abdulhadi/Local Sites/eduslack/app/public/wp-includes/update.php on line 388
[27-Jun-2020 15:23:08 UTC] PHP Stack trace:
[27-Jun-2020 15:23:08 UTC] PHP   1. {main}() /home/abdulhadi/Local Sites/eduslack/app/public/wp-cron.php:0
[27-Jun-2020 15:23:08 UTC] PHP   2. do_action_ref_array() /home/abdulhadi/Local Sites/eduslack/app/public/wp-cron.php:138
[27-Jun-2020 15:23:08 UTC] PHP   3. WP_Hook->do_action() /home/abdulhadi/Local Sites/eduslack/app/public/wp-includes/plugin.php:544
[27-Jun-2020 15:23:08 UTC] PHP   4. WP_Hook->apply_filters() /home/abdulhadi/Local Sites/eduslack/app/public/wp-includes/class-wp-hook.php:311
[27-Jun-2020 15:23:08 UTC] PHP   5. wp_update_plugins() /home/abdulhadi/Local Sites/eduslack/app/public/wp-includes/class-wp-hook.php:287
[27-Jun-2020 15:23:08 UTC] PHP   6. trigger_error() /home/abdulhadi/Local Sites/eduslack/app/public/wp-includes/update.php:388
[27-Jun-2020 15:45:28 UTC] PHP Parse error:  syntax error, unexpected 'echo' (T_ECHO) in /home/abdulhadi/Local Sites/eduslack/app/public/experiment.php on line 6
[27-Jun-2020 15:48:35 UTC] PHP Warning:  Use of undefined constant name - assumed 'name' (this will throw an Error in a future version of PHP) in /home/abdulhadi/Local Sites/eduslack/app/public/experiment.php on line 5
[27-Jun-2020 15:48:35 UTC] PHP Stack trace:
[27-Jun-2020 15:48:35 UTC] PHP   1. {main}() /home/abdulhadi/Local Sites/eduslack/app/public/experiment.php:0
[27-Jun-2020 15:48:51 UTC] PHP Warning:  Use of undefined constant name - assumed 'name' (this will throw an Error in a future version of PHP) in /home/abdulhadi/Local Sites/eduslack/app/public/experiment.php on line 5
[27-Jun-2020 15:48:51 UTC] PHP Stack trace:
[27-Jun-2020 15:48:51 UTC] PHP   1. {main}() /home/abdulhadi/Local Sites/eduslack/app/public/experiment.php:0
[27-Jun-2020 15:49:02 UTC] PHP Warning:  Use of undefined constant name - assumed 'name' (this will throw an Error in a future version of PHP) in /home/abdulhadi/Local Sites/eduslack/app/public/experiment.php on line 5
[27-Jun-2020 15:49:02 UTC] PHP Stack trace:
[27-Jun-2020 15:49:02 UTC] PHP   1. {main}() /home/abdulhadi/Local Sites/eduslack/app/public/experiment.php:0
[27-Jun-2020 15:49:03 UTC] PHP Warning:  Use of undefined constant name - assumed 'name' (this will throw an Error in a future version of PHP) in /home/abdulhadi/Local Sites/eduslack/app/public/experiment.php on line 5
[27-Jun-2020 15:49:03 UTC] PHP Stack trace:
[27-Jun-2020 15:49:03 UTC] PHP   1. {main}() /home/abdulhadi/Local Sites/eduslack/app/public/experiment.php:0
[27-Jun-2020 15:49:38 UTC] PHP Warning:  Use of undefined constant name - assumed 'name' (this will throw an Error in a future version of PHP) in /home/abdulhadi/Local Sites/eduslack/app/public/experiment.php on line 5
[27-Jun-2020 15:49:38 UTC] PHP Stack trace:
[27-Jun-2020 15:49:38 UTC] PHP   1. {main}() /home/abdulhadi/Local Sites/eduslack/app/public/experiment.php:0
[27-Jun-2020 15:49:41 UTC] PHP Warning:  Use of undefined constant name - assumed 'name' (this will throw an Error in a future version of PHP) in /home/abdulhadi/Local Sites/eduslack/app/public/experiment.php on line 5
[27-Jun-2020 15:49:41 UTC] PHP Stack trace:
[27-Jun-2020 15:49:41 UTC] PHP   1. {main}() /home/abdulhadi/Local Sites/eduslack/app/public/experiment.php:0
[27-Jun-2020 15:53:56 UTC] PHP Warning:  Use of undefined constant Abdul - assumed 'Abdul' (this will throw an Error in a future version of PHP) in /home/abdulhadi/Local Sites/eduslack/app/public/experiment.php on line 2
[27-Jun-2020 15:53:56 UTC] PHP Stack trace:
[27-Jun-2020 15:53:56 UTC] PHP   1. {main}() /home/abdulhadi/Local Sites/eduslack/app/public/experiment.php:0
[27-Jun-2020 15:53:59 UTC] PHP Warning:  Use of undefined constant Abdul - assumed 'Abdul' (this will throw an Error in a future version of PHP) in /home/abdulhadi/Local Sites/eduslack/app/public/experiment.php on line 2
[27-Jun-2020 15:53:59 UTC] PHP Stack trace:
[27-Jun-2020 15:53:59 UTC] PHP   1. {main}() /home/abdulhadi/Local Sites/eduslack/app/public/experiment.php:0
[27-Jun-2020 15:54:00 UTC] PHP Warning:  Use of undefined constant Abdul - assumed 'Abdul' (this will throw an Error in a future version of PHP) in /home/abdulhadi/Local Sites/eduslack/app/public/experiment.php on line 2
[27-Jun-2020 15:54:00 UTC] PHP Stack trace:
[27-Jun-2020 15:54:00 UTC] PHP   1. {main}() /home/abdulhadi/Local Sites/eduslack/app/public/experiment.php:0
