[27-Jun-2020 16:21:41] NOTICE: fpm is running, pid 10232
[27-Jun-2020 16:21:41] NOTICE: ready to handle connections
[27-Jun-2020 16:35:13] ERROR: Another FPM instance seems to already listen on /home/abdulhadi/.config/Local/run/dBNKsYaLq/php/php-fpm.socket
[27-Jun-2020 16:35:13] ERROR: FPM initialization failed
[27-Jun-2020 16:35:14] ERROR: Another FPM instance seems to already listen on /home/abdulhadi/.config/Local/run/dBNKsYaLq/php/php-fpm.socket
[27-Jun-2020 16:35:14] ERROR: FPM initialization failed
[27-Jun-2020 16:35:14] ERROR: Another FPM instance seems to already listen on /home/abdulhadi/.config/Local/run/dBNKsYaLq/php/php-fpm.socket
[27-Jun-2020 16:35:14] ERROR: FPM initialization failed
[27-Jun-2020 16:35:15] ERROR: Another FPM instance seems to already listen on /home/abdulhadi/.config/Local/run/dBNKsYaLq/php/php-fpm.socket
[27-Jun-2020 16:35:15] ERROR: FPM initialization failed
[27-Jun-2020 16:38:06] ERROR: Another FPM instance seems to already listen on /home/abdulhadi/.config/Local/run/dBNKsYaLq/php/php-fpm.socket
[27-Jun-2020 16:38:06] ERROR: FPM initialization failed
[27-Jun-2020 16:38:06] ERROR: Another FPM instance seems to already listen on /home/abdulhadi/.config/Local/run/dBNKsYaLq/php/php-fpm.socket
[27-Jun-2020 16:38:06] ERROR: FPM initialization failed
[27-Jun-2020 16:38:07] ERROR: Another FPM instance seems to already listen on /home/abdulhadi/.config/Local/run/dBNKsYaLq/php/php-fpm.socket
[27-Jun-2020 16:38:07] ERROR: FPM initialization failed
[27-Jun-2020 16:38:07] ERROR: Another FPM instance seems to already listen on /home/abdulhadi/.config/Local/run/dBNKsYaLq/php/php-fpm.socket
[27-Jun-2020 16:38:07] ERROR: FPM initialization failed
[29-Jun-2020 10:20:31] NOTICE: fpm is running, pid 7084
[29-Jun-2020 10:20:31] NOTICE: ready to handle connections
[29-Jun-2020 17:03:51] NOTICE: Terminating ...
[29-Jun-2020 19:56:08] NOTICE: fpm is running, pid 8131
[29-Jun-2020 19:56:08] NOTICE: ready to handle connections
[01-Jul-2020 09:06:02] NOTICE: fpm is running, pid 6419
[01-Jul-2020 09:06:02] NOTICE: ready to handle connections
[07-Jul-2020 18:01:53] NOTICE: fpm is running, pid 17667
[07-Jul-2020 18:01:53] NOTICE: ready to handle connections
[08-Jul-2020 02:48:43] NOTICE: Terminating ...
[08-Jul-2020 23:02:06] NOTICE: fpm is running, pid 1729
[08-Jul-2020 23:02:06] NOTICE: ready to handle connections
[09-Jul-2020 22:30:37] NOTICE: Terminating ...
[21-Jul-2020 20:02:48] NOTICE: fpm is running, pid 6716
[21-Jul-2020 20:02:48] NOTICE: ready to handle connections
[24-Jul-2020 20:34:28] NOTICE: Terminating ...
[31-Jul-2020 16:11:46] NOTICE: fpm is running, pid 18826
[31-Jul-2020 16:11:46] NOTICE: ready to handle connections
[02-Aug-2020 00:32:29] NOTICE: Terminating ...
[12-Aug-2020 11:19:18] NOTICE: fpm is running, pid 6770
[12-Aug-2020 11:19:18] NOTICE: ready to handle connections
